<?xml version="1.0" encoding="UTF-8"?>
<!-- Generated by org.testng.reporters.JUnitReportReporter -->
<testsuite skipped="0" hostname="Air-de-Marthe" name="testNGParallel.MyTestNGRunnerTest" tests="6" failures="1" timestamp="01 janv. 2021 17:40:06 GMT" time="118.248" errors="0">
  <testcase name="runScenario" time="21.270" classname="testNGParallel.MyTestNGRunnerTest">
    <failure type="java.lang.AssertionError">
      <![CDATA[java.lang.AssertionError
at org.junit.Assert.fail(Assert.java:87)
at org.junit.Assert.assertTrue(Assert.java:42)
at org.junit.Assert.assertTrue(Assert.java:53)
at testNGParallel.LoginPageSteps.iShouldSeeTheSelfcarePage(LoginPageSteps.java:45)
at ✽.I should see the selfcare page(file:///Users/bambadia/eclipse-workspace/selenium-framework/CucumberSeleniumFram/src/test/resources/testNGParallel/LoginPage.feature:15)
]]>
    </failure>
  </testcase> <!-- runScenario -->
  <testcase name="runScenario" time="17.739" classname="testNGParallel.MyTestNGRunnerTest"/>
  <testcase name="runScenario" time="20.929" classname="testNGParallel.MyTestNGRunnerTest"/>
  <testcase name="runScenario" time="18.937" classname="testNGParallel.MyTestNGRunnerTest"/>
  <testcase name="runScenario" time="19.152" classname="testNGParallel.MyTestNGRunnerTest"/>
  <testcase name="runScenario" time="20.221" classname="testNGParallel.MyTestNGRunnerTest"/>
</testsuite> <!-- testNGParallel.MyTestNGRunnerTest -->
